<html>
<head>
<title>TestNG:  Test</title>
<link href="../testng.css" rel="stylesheet" type="text/css" />
<link href="../my-testng.css" rel="stylesheet" type="text/css" />

<style type="text/css">
.log { display: none;} 
.stack-trace { display: none;} 
</style>
<script type="text/javascript">
<!--
function flip(e) {
  current = e.style.display;
  if (current == 'block') {
    e.style.display = 'none';
    return 0;
  }
  else {
    e.style.display = 'block';
    return 1;
  }
}

function toggleBox(szDivId, elem, msg1, msg2)
{
  var res = -1;  if (document.getElementById) {
    res = flip(document.getElementById(szDivId));
  }
  else if (document.all) {
    // this is the way old msie versions work
    res = flip(document.all[szDivId]);
  }
  if(elem) {
    if(res == 0) elem.innerHTML = msg1; else elem.innerHTML = msg2;
  }

}

function toggleAllBoxes() {
  if (document.getElementsByTagName) {
    d = document.getElementsByTagName('div');
    for (i = 0; i < d.length; i++) {
      if (d[i].className == 'log') {
        flip(d[i]);
      }
    }
  }
}

// -->
</script>

</head>
<body>
<h2 align='center'>Test</h2><table border='1' align="center">
<tr>
<td>Tests passed/Failed/Skipped:</td><td>48/7/3</td>
</tr><tr>
<td>Started on:</td><td>Tue Jun 02 17:57:31 IST 2020</td>
</tr>
<tr><td>Total time:</td><td>2 seconds (2368 ms)</td>
</tr><tr>
<td>Included groups:</td><td></td>
</tr><tr>
<td>Excluded groups:</td><td></td>
</tr>
</table><p/>
<small><i>(Hover the method name to see the test class name)</i></small><p/>
<table width='100%' border='1' class='invocation-failed'>
<tr><td colspan='4' align='center'><b>FAILED TESTS</b></td></tr>
<tr><td><b>Test method</b></td>
<td width="30%"><b>Exception</b></td>
<td width="10%"><b>Time (seconds)</b></td>
<td><b>Instance</b></td>
</tr>
<tr>
<td title='Assertion.HardAssert_Demo.m1()'><b>m1</b><br>Test class: Assertion.HardAssert_Demo</td>
<td><div><pre>java.lang.AssertionError: 10 is not greater than 20 expected [true] but found [false]
	at Assertion.HardAssert_Demo.m1(HardAssert_Demo.java:15)
... Removed 27 stack frames</pre></div><a href='#' onClick='toggleBox("stack-trace1069716895", this, "Click to show all stack frames", "Click to hide stack frames")'>Click to show all stack frames</a>
<div class='stack-trace' id='stack-trace1069716895'><pre>java.lang.AssertionError: 10 is not greater than 20 expected [true] but found [false]
	at org.testng.Assert.fail(Assert.java:94)
	at org.testng.Assert.failNotEquals(Assert.java:494)
	at org.testng.Assert.assertTrue(Assert.java:42)
	at Assertion.HardAssert_Demo.m1(HardAssert_Demo.java:15)
	at sun.reflect.NativeMethodAccessorImpl.invoke0(Native Method)
	at sun.reflect.NativeMethodAccessorImpl.invoke(NativeMethodAccessorImpl.java:62)
	at sun.reflect.DelegatingMethodAccessorImpl.invoke(DelegatingMethodAccessorImpl.java:43)
	at java.lang.reflect.Method.invoke(Method.java:498)
	at org.testng.internal.MethodInvocationHelper.invokeMethod(MethodInvocationHelper.java:84)
	at org.testng.internal.Invoker.invokeMethod(Invoker.java:714)
	at org.testng.internal.Invoker.invokeTestMethod(Invoker.java:901)
	at org.testng.internal.Invoker.invokeTestMethods(Invoker.java:1231)
	at org.testng.internal.TestMethodWorker.invokeTestMethods(TestMethodWorker.java:127)
	at org.testng.internal.TestMethodWorker.run(TestMethodWorker.java:111)
	at org.testng.TestRunner.privateRun(TestRunner.java:767)
	at org.testng.TestRunner.run(TestRunner.java:617)
	at org.testng.SuiteRunner.runTest(SuiteRunner.java:348)
	at org.testng.SuiteRunner.runSequentially(SuiteRunner.java:343)
	at org.testng.SuiteRunner.privateRun(SuiteRunner.java:305)
	at org.testng.SuiteRunner.run(SuiteRunner.java:254)
	at org.testng.SuiteRunnerWorker.runSuite(SuiteRunnerWorker.java:52)
	at org.testng.SuiteRunnerWorker.run(SuiteRunnerWorker.java:86)
	at org.testng.TestNG.runSuitesSequentially(TestNG.java:1224)
	at org.testng.TestNG.runSuitesLocally(TestNG.java:1149)
	at org.testng.TestNG.run(TestNG.java:1057)
	at org.testng.remote.AbstractRemoteTestNG.run(AbstractRemoteTestNG.java:114)
	at org.testng.remote.RemoteTestNG.initAndRun(RemoteTestNG.java:251)
	at org.testng.remote.RemoteTestNG.main(RemoteTestNG.java:77)
</pre></div></td>
<td>0</td>
<td>Assertion.HardAssert_Demo@5c7fa833</td></tr>
<tr>
<td title='TestNGDemo.ClassA.m1()'><b>m1</b><br>Test class: TestNGDemo.ClassA</td>
<td><div><pre>java.lang.ArithmeticException
	at TestNGDemo.ClassA.m1(ClassA.java:11)
... Removed 24 stack frames</pre></div><a href='#' onClick='toggleBox("stack-trace2110756088", this, "Click to show all stack frames", "Click to hide stack frames")'>Click to show all stack frames</a>
<div class='stack-trace' id='stack-trace2110756088'><pre>java.lang.ArithmeticException
	at TestNGDemo.ClassA.m1(ClassA.java:11)
	at sun.reflect.NativeMethodAccessorImpl.invoke0(Native Method)
	at sun.reflect.NativeMethodAccessorImpl.invoke(NativeMethodAccessorImpl.java:62)
	at sun.reflect.DelegatingMethodAccessorImpl.invoke(DelegatingMethodAccessorImpl.java:43)
	at java.lang.reflect.Method.invoke(Method.java:498)
	at org.testng.internal.MethodInvocationHelper.invokeMethod(MethodInvocationHelper.java:84)
	at org.testng.internal.Invoker.invokeMethod(Invoker.java:714)
	at org.testng.internal.Invoker.invokeTestMethod(Invoker.java:901)
	at org.testng.internal.Invoker.invokeTestMethods(Invoker.java:1231)
	at org.testng.internal.TestMethodWorker.invokeTestMethods(TestMethodWorker.java:127)
	at org.testng.internal.TestMethodWorker.run(TestMethodWorker.java:111)
	at org.testng.TestRunner.privateRun(TestRunner.java:767)
	at org.testng.TestRunner.run(TestRunner.java:617)
	at org.testng.SuiteRunner.runTest(SuiteRunner.java:348)
	at org.testng.SuiteRunner.runSequentially(SuiteRunner.java:343)
	at org.testng.SuiteRunner.privateRun(SuiteRunner.java:305)
	at org.testng.SuiteRunner.run(SuiteRunner.java:254)
	at org.testng.SuiteRunnerWorker.runSuite(SuiteRunnerWorker.java:52)
	at org.testng.SuiteRunnerWorker.run(SuiteRunnerWorker.java:86)
	at org.testng.TestNG.runSuitesSequentially(TestNG.java:1224)
	at org.testng.TestNG.runSuitesLocally(TestNG.java:1149)
	at org.testng.TestNG.run(TestNG.java:1057)
	at org.testng.remote.AbstractRemoteTestNG.run(AbstractRemoteTestNG.java:114)
	at org.testng.remote.RemoteTestNG.initAndRun(RemoteTestNG.java:251)
	at org.testng.remote.RemoteTestNG.main(RemoteTestNG.java:77)
</pre></div></td>
<td>0</td>
<td>TestNGDemo.ClassA@724af044</td></tr>
<tr>
<td title='Listener.ListnerTest.tc_02()'><b>tc_02</b><br>Test class: Listener.ListnerTest</td>
<td><div><pre>java.lang.AssertionError: expected [true] but found [false]
	at Listener.ListnerTest.tc_02(ListnerTest.java:18)
... Removed 28 stack frames</pre></div><a href='#' onClick='toggleBox("stack-trace1010953501", this, "Click to show all stack frames", "Click to hide stack frames")'>Click to show all stack frames</a>
<div class='stack-trace' id='stack-trace1010953501'><pre>java.lang.AssertionError: expected [true] but found [false]
	at org.testng.Assert.fail(Assert.java:94)
	at org.testng.Assert.failNotEquals(Assert.java:494)
	at org.testng.Assert.assertTrue(Assert.java:42)
	at org.testng.Assert.assertTrue(Assert.java:52)
	at Listener.ListnerTest.tc_02(ListnerTest.java:18)
	at sun.reflect.NativeMethodAccessorImpl.invoke0(Native Method)
	at sun.reflect.NativeMethodAccessorImpl.invoke(NativeMethodAccessorImpl.java:62)
	at sun.reflect.DelegatingMethodAccessorImpl.invoke(DelegatingMethodAccessorImpl.java:43)
	at java.lang.reflect.Method.invoke(Method.java:498)
	at org.testng.internal.MethodInvocationHelper.invokeMethod(MethodInvocationHelper.java:84)
	at org.testng.internal.Invoker.invokeMethod(Invoker.java:714)
	at org.testng.internal.Invoker.invokeTestMethod(Invoker.java:901)
	at org.testng.internal.Invoker.invokeTestMethods(Invoker.java:1231)
	at org.testng.internal.TestMethodWorker.invokeTestMethods(TestMethodWorker.java:127)
	at org.testng.internal.TestMethodWorker.run(TestMethodWorker.java:111)
	at org.testng.TestRunner.privateRun(TestRunner.java:767)
	at org.testng.TestRunner.run(TestRunner.java:617)
	at org.testng.SuiteRunner.runTest(SuiteRunner.java:348)
	at org.testng.SuiteRunner.runSequentially(SuiteRunner.java:343)
	at org.testng.SuiteRunner.privateRun(SuiteRunner.java:305)
	at org.testng.SuiteRunner.run(SuiteRunner.java:254)
	at org.testng.SuiteRunnerWorker.runSuite(SuiteRunnerWorker.java:52)
	at org.testng.SuiteRunnerWorker.run(SuiteRunnerWorker.java:86)
	at org.testng.TestNG.runSuitesSequentially(TestNG.java:1224)
	at org.testng.TestNG.runSuitesLocally(TestNG.java:1149)
	at org.testng.TestNG.run(TestNG.java:1057)
	at org.testng.remote.AbstractRemoteTestNG.run(AbstractRemoteTestNG.java:114)
	at org.testng.remote.RemoteTestNG.initAndRun(RemoteTestNG.java:251)
	at org.testng.remote.RemoteTestNG.main(RemoteTestNG.java:77)
</pre></div></td>
<td>0</td>
<td>Listener.ListnerTest@675d3402</td></tr>
</table><p>
<table width='100%' border='1' class='invocation-passed'>
<tr><td colspan='4' align='center'><b>PASSED TESTS</b></td></tr>
<tr><td><b>Test method</b></td>
<td width="30%"><b>Exception</b></td>
<td width="10%"><b>Time (seconds)</b></td>
<td><b>Instance</b></td>
</tr>
<tr>
<td title='UsingApachePoi.TestcaseforReadFile.Display()'><b>Display</b><br>Test class: UsingApachePoi.TestcaseforReadFile<br>Parameters: Suchita, Suchita@123</td>
<td></td>
<td>0</td>
<td>UsingApachePoi.TestcaseforReadFile@482f8f11</td></tr>
<tr>
<td title='UsingApachePoi.TestcaseforReadFile.Display()'><b>Display</b><br>Test class: UsingApachePoi.TestcaseforReadFile<br>Parameters: Minal, Minal@123</td>
<td></td>
<td>0</td>
<td>UsingApachePoi.TestcaseforReadFile@482f8f11</td></tr>
<tr>
<td title='UsingApachePoi.TestcaseforReadFile.Display()'><b>Display</b><br>Test class: UsingApachePoi.TestcaseforReadFile<br>Parameters: Priya, Priya@123</td>
<td></td>
<td>0</td>
<td>UsingApachePoi.TestcaseforReadFile@482f8f11</td></tr>
<tr>
<td title='UsingApachePoi.TestcaseforReadFile.Display()'><b>Display</b><br>Test class: UsingApachePoi.TestcaseforReadFile<br>Parameters: Vishal, Vishal@123</td>
<td></td>
<td>0</td>
<td>UsingApachePoi.TestcaseforReadFile@482f8f11</td></tr>
<tr>
<td title='Data_Driven_Testing.ByUsing_ApachePoi.SignIn()'><b>SignIn</b><br>Test class: Data_Driven_Testing.ByUsing_ApachePoi<br>Parameters: Suchita, Suchita@123</td>
<td></td>
<td>0</td>
<td>Data_Driven_Testing.ByUsing_ApachePoi@6767c1fc</td></tr>
<tr>
<td title='Data_Driven_Testing.ByUsing_ApachePoi.SignIn()'><b>SignIn</b><br>Test class: Data_Driven_Testing.ByUsing_ApachePoi<br>Parameters: Minal, Minal@123</td>
<td></td>
<td>0</td>
<td>Data_Driven_Testing.ByUsing_ApachePoi@6767c1fc</td></tr>
<tr>
<td title='Data_Driven_Testing.ByUsing_ApachePoi.SignIn()'><b>SignIn</b><br>Test class: Data_Driven_Testing.ByUsing_ApachePoi<br>Parameters: Priya, Priya@123</td>
<td></td>
<td>0</td>
<td>Data_Driven_Testing.ByUsing_ApachePoi@6767c1fc</td></tr>
<tr>
<td title='Data_Driven_Testing.ByUsing_ApachePoi.SignIn()'><b>SignIn</b><br>Test class: Data_Driven_Testing.ByUsing_ApachePoi<br>Parameters: Vishal, Vishal@123</td>
<td></td>
<td>0</td>
<td>Data_Driven_Testing.ByUsing_ApachePoi@6767c1fc</td></tr>
<tr>
<td title='crossBrowsertestCase.Verify_Browser.SignIn()'><b>SignIn</b><br>Test class: crossBrowsertestCase.Verify_Browser<br>Parameters: null, null</td>
<td></td>
<td>0</td>
<td>crossBrowsertestCase.Verify_Browser@51565ec2</td></tr>
<tr>
<td title='crossBrowsertestCase.Verify_Browser.SignIn()'><b>SignIn</b><br>Test class: crossBrowsertestCase.Verify_Browser<br>Parameters: null, null</td>
<td></td>
<td>0</td>
<td>crossBrowsertestCase.Verify_Browser@51565ec2</td></tr>
<tr>
<td title='TestNGDemo.StaticClassMethod.account()'><b>account</b><br>Test class: TestNGDemo.StaticClassMethod</td>
<td></td>
<td>0</td>
<td>TestNGDemo.StaticClassMethod@29ee9faa</td></tr>
<tr>
<td title='TestNGDemo.Smoke.display()'><b>display</b><br>Test class: TestNGDemo.Smoke</td>
<td></td>
<td>0</td>
<td>TestNGDemo.Smoke@4678c730</td></tr>
<tr>
<td title='TestNGDemo.Smoke.login()'><b>login</b><br>Test class: TestNGDemo.Smoke</td>
<td></td>
<td>0</td>
<td>TestNGDemo.Smoke@4678c730</td></tr>
<tr>
<td title='AnnotationsPkg.TestAnnotations.m1()'><b>m1</b><br>Test class: AnnotationsPkg.TestAnnotations</td>
<td></td>
<td>0</td>
<td>AnnotationsPkg.TestAnnotations@7f9a81e8</td></tr>
<tr>
<td title='TestNGDemo.StaticClassMethod.m1()'><b>m1</b><br>Test class: TestNGDemo.StaticClassMethod</td>
<td></td>
<td>0</td>
<td>TestNGDemo.StaticClassMethod@29ee9faa</td></tr>
<tr>
<td title='Listener.ListnerTestngDemo.m1()'><b>m1</b><br>Test class: Listener.ListnerTestngDemo</td>
<td></td>
<td>0</td>
<td>Listener.ListnerTestngDemo@39aeed2f</td></tr>
<tr>
<td title='Reflection.LaunchBrowser.m1()'><b>m1</b><br>Test class: Reflection.LaunchBrowser</td>
<td></td>
<td>0</td>
<td>Reflection.LaunchBrowser@7823a2f9</td></tr>
<tr>
<td title='Testcases.SampleTest.m1()'><b>m1</b><br>Test class: Testcases.SampleTest<br>Parameters: Sr.No, Name, Roll No, City</td>
<td></td>
<td>0</td>
<td>Testcases.SampleTest@1b604f19</td></tr>
<tr>
<td title='Testcases.SampleTest.m1()'><b>m1</b><br>Test class: Testcases.SampleTest<br>Parameters: 1, Suchita, 12, Pune</td>
<td></td>
<td>0</td>
<td>Testcases.SampleTest@1b604f19</td></tr>
<tr>
<td title='Testcases.SampleTest.m1()'><b>m1</b><br>Test class: Testcases.SampleTest<br>Parameters: 2, Vishal, 23, Mumbai</td>
<td></td>
<td>0</td>
<td>Testcases.SampleTest@1b604f19</td></tr>
<tr>
<td title='Testcases.SampleTest.m1()'><b>m1</b><br>Test class: Testcases.SampleTest<br>Parameters: 3, Avinash, 56, Pimpri</td>
<td></td>
<td>0</td>
<td>Testcases.SampleTest@1b604f19</td></tr>
<tr>
<td title='Testcases.SampleTest.m1()'><b>m1</b><br>Test class: Testcases.SampleTest<br>Parameters: 4, Shri, 45, Nanaded</td>
<td></td>
<td>0</td>
<td>Testcases.SampleTest@1b604f19</td></tr>
<tr>
<td title='TestNGDemo.ClassC.m1()'><b>m1</b><br>Test class: TestNGDemo.ClassC</td>
<td></td>
<td>0</td>
<td>TestNGDemo.ClassC@4cc0edeb</td></tr>
<tr>
<td title='TestNGDemo.ClassB.m1()'><b>m1</b><br>Test class: TestNGDemo.ClassB</td>
<td></td>
<td>0</td>
<td>TestNGDemo.ClassB@1593948d</td></tr>
<tr>
<td title='TestNGDemo.TestAutomation.m1()'><b>m1</b><br>Test class: TestNGDemo.TestAutomation</td>
<td></td>
<td>0</td>
<td>TestNGDemo.TestAutomation@c038203</td></tr>
<tr>
<td title='Listener.ListnerTestngDemo.m2()'><b>m2</b><br>Test class: Listener.ListnerTestngDemo</td>
<td></td>
<td>0</td>
<td>Listener.ListnerTestngDemo@39aeed2f</td></tr>
<tr>
<td title='TestNGDemo.ClassC.m2()'><b>m2</b><br>Test class: TestNGDemo.ClassC</td>
<td></td>
<td>0</td>
<td>TestNGDemo.ClassC@4cc0edeb</td></tr>
<tr>
<td title='TestNGDemo.ClassB.m2()'><b>m2</b><br>Test class: TestNGDemo.ClassB</td>
<td></td>
<td>0</td>
<td>TestNGDemo.ClassB@1593948d</td></tr>
<tr>
<td title='TestNGDemo.TestAnnotation.m3()'><b>m3</b><br>Test class: TestNGDemo.TestAnnotation</td>
<td></td>
<td>0</td>
<td>TestNGDemo.TestAnnotation@55f3ddb1</td></tr>
<tr>
<td title='AnnotationsPkg.TestAnnotations.m3()'><b>m3</b><br>Test class: AnnotationsPkg.TestAnnotations</td>
<td></td>
<td>0</td>
<td>AnnotationsPkg.TestAnnotations@7f9a81e8</td></tr>
<tr>
<td title='TestNGDemo.ClassA.m3()'><b>m3</b><br>Test class: TestNGDemo.ClassA</td>
<td></td>
<td>0</td>
<td>TestNGDemo.ClassA@724af044</td></tr>
<tr>
<td title='TestNGDemo.ClassC.m3()'><b>m3</b><br>Test class: TestNGDemo.ClassC</td>
<td></td>
<td>0</td>
<td>TestNGDemo.ClassC@4cc0edeb</td></tr>
<tr>
<td title='TestNGDemo.ClassB.m3()'><b>m3</b><br>Test class: TestNGDemo.ClassB</td>
<td></td>
<td>0</td>
<td>TestNGDemo.ClassB@1593948d</td></tr>
<tr>
<td title='TestNGDemo.TestAutomation.m3()'><b>m3</b><br>Test class: TestNGDemo.TestAutomation</td>
<td></td>
<td>0</td>
<td>TestNGDemo.TestAutomation@c038203</td></tr>
<tr>
<td title='TestNGDemo.ClassA.m4()'><b>m4</b><br>Test class: TestNGDemo.ClassA</td>
<td></td>
<td>0</td>
<td>TestNGDemo.ClassA@724af044</td></tr>
<tr>
<td title='TestNGDemo.ClassC.m4()'><b>m4</b><br>Test class: TestNGDemo.ClassC</td>
<td></td>
<td>0</td>
<td>TestNGDemo.ClassC@4cc0edeb</td></tr>
<tr>
<td title='TestNGDemo.ClassB.m4()'><b>m4</b><br>Test class: TestNGDemo.ClassB</td>
<td></td>
<td>0</td>
<td>TestNGDemo.ClassB@1593948d</td></tr>
<tr>
<td title='TestNGDemo.ClassC.m5()'><b>m5</b><br>Test class: TestNGDemo.ClassC</td>
<td></td>
<td>0</td>
<td>TestNGDemo.ClassC@4cc0edeb</td></tr>
<tr>
<td title='TestNGDemo.ClassB.m5()'><b>m5</b><br>Test class: TestNGDemo.ClassB</td>
<td></td>
<td>0</td>
<td>TestNGDemo.ClassB@1593948d</td></tr>
<tr>
<td title='TestNGDemo.TestAutomation.m5()'><b>m5</b><br>Test class: TestNGDemo.TestAutomation</td>
<td></td>
<td>0</td>
<td>TestNGDemo.TestAutomation@c038203</td></tr>
<tr>
<td title='TestNGDemo.ClassA.m6()'><b>m6</b><br>Test class: TestNGDemo.ClassA</td>
<td></td>
<td>0</td>
<td>TestNGDemo.ClassA@724af044</td></tr>
<tr>
<td title='TestNGDemo.ClassC.m6()'><b>m6</b><br>Test class: TestNGDemo.ClassC</td>
<td></td>
<td>0</td>
<td>TestNGDemo.ClassC@4cc0edeb</td></tr>
<tr>
<td title='TestNGDemo.ClassB.m6()'><b>m6</b><br>Test class: TestNGDemo.ClassB</td>
<td></td>
<td>0</td>
<td>TestNGDemo.ClassB@1593948d</td></tr>
<tr>
<td title='TestNGDemo.SignUp.negativeTestCase()'><b>negativeTestCase</b><br>Test class: TestNGDemo.SignUp</td>
<td></td>
<td>0</td>
<td>TestNGDemo.SignUp@28feb3fa</td></tr>
<tr>
<td title='TestNGDemo.SignUp.positiveTestCase()'><b>positiveTestCase</b><br>Test class: TestNGDemo.SignUp</td>
<td></td>
<td>0</td>
<td>TestNGDemo.SignUp@28feb3fa</td></tr>
<tr>
<td title='TestNGDemo.SignUp.positiveTestCase()'><b>positiveTestCase</b><br>Test class: TestNGDemo.SignUp</td>
<td></td>
<td>0</td>
<td>TestNGDemo.SignUp@28feb3fa</td></tr>
<tr>
<td title='TestNGDemo.SignUp.positiveTestCase()'><b>positiveTestCase</b><br>Test class: TestNGDemo.SignUp</td>
<td></td>
<td>0</td>
<td>TestNGDemo.SignUp@28feb3fa</td></tr>
<tr>
<td title='Listener.ListnerTest.tc_01()'><b>tc_01</b><br>Test class: Listener.ListnerTest</td>
<td></td>
<td>0</td>
<td>Listener.ListnerTest@675d3402</td></tr>
</table><p>
<table width='100%' border='1' class='invocation-skipped'>
<tr><td colspan='4' align='center'><b>SKIPPED TESTS</b></td></tr>
<tr><td><b>Test method</b></td>
<td width="30%"><b>Exception</b></td>
<td width="10%"><b>Time (seconds)</b></td>
<td><b>Instance</b></td>
</tr>
<tr>
<td title='Reflection.LaunchBrowser.add()'><b>add</b><br>Test class: Reflection.LaunchBrowser</td>
<td><div><pre>org.testng.TestNGException: 
Method add requires 3 parameters but 0 were supplied in the @Test annotation.
... Removed 23 stack frames</pre></div><a href='#' onClick='toggleBox("stack-trace201576232", this, "Click to show all stack frames", "Click to hide stack frames")'>Click to show all stack frames</a>
<div class='stack-trace' id='stack-trace201576232'><pre>org.testng.TestNGException: 
Method add requires 3 parameters but 0 were supplied in the @Test annotation.
	at org.testng.internal.Parameters.checkParameterTypes(Parameters.java:198)
	at org.testng.internal.Parameters.createParameters(Parameters.java:134)
	at org.testng.internal.Parameters.createParameters(Parameters.java:373)
	at org.testng.internal.Parameters.handleParameters(Parameters.java:450)
	at org.testng.internal.Invoker.handleParameters(Invoker.java:1383)
	at org.testng.internal.Invoker.createParameters(Invoker.java:1075)
	at org.testng.internal.Invoker.invokeTestMethods(Invoker.java:1180)
	at org.testng.internal.TestMethodWorker.invokeTestMethods(TestMethodWorker.java:127)
	at org.testng.internal.TestMethodWorker.run(TestMethodWorker.java:111)
	at org.testng.TestRunner.privateRun(TestRunner.java:767)
	at org.testng.TestRunner.run(TestRunner.java:617)
	at org.testng.SuiteRunner.runTest(SuiteRunner.java:348)
	at org.testng.SuiteRunner.runSequentially(SuiteRunner.java:343)
	at org.testng.SuiteRunner.privateRun(SuiteRunner.java:305)
	at org.testng.SuiteRunner.run(SuiteRunner.java:254)
	at org.testng.SuiteRunnerWorker.runSuite(SuiteRunnerWorker.java:52)
	at org.testng.SuiteRunnerWorker.run(SuiteRunnerWorker.java:86)
	at org.testng.TestNG.runSuitesSequentially(TestNG.java:1224)
	at org.testng.TestNG.runSuitesLocally(TestNG.java:1149)
	at org.testng.TestNG.run(TestNG.java:1057)
	at org.testng.remote.AbstractRemoteTestNG.run(AbstractRemoteTestNG.java:114)
	at org.testng.remote.RemoteTestNG.initAndRun(RemoteTestNG.java:251)
	at org.testng.remote.RemoteTestNG.main(RemoteTestNG.java:77)
</pre></div></td>
<td>0</td>
<td>Reflection.LaunchBrowser@7823a2f9</td></tr>
<tr>
<td title='Reflection.LaunchBrowser.add()'><b>add</b><br>Test class: Reflection.LaunchBrowser</td>
<td><div><pre>org.testng.TestNGException: 
Method add requires 4 parameters but 0 were supplied in the @Test annotation.
... Removed 23 stack frames</pre></div><a href='#' onClick='toggleBox("stack-trace20094719", this, "Click to show all stack frames", "Click to hide stack frames")'>Click to show all stack frames</a>
<div class='stack-trace' id='stack-trace20094719'><pre>org.testng.TestNGException: 
Method add requires 4 parameters but 0 were supplied in the @Test annotation.
	at org.testng.internal.Parameters.checkParameterTypes(Parameters.java:198)
	at org.testng.internal.Parameters.createParameters(Parameters.java:134)
	at org.testng.internal.Parameters.createParameters(Parameters.java:373)
	at org.testng.internal.Parameters.handleParameters(Parameters.java:450)
	at org.testng.internal.Invoker.handleParameters(Invoker.java:1383)
	at org.testng.internal.Invoker.createParameters(Invoker.java:1075)
	at org.testng.internal.Invoker.invokeTestMethods(Invoker.java:1180)
	at org.testng.internal.TestMethodWorker.invokeTestMethods(TestMethodWorker.java:127)
	at org.testng.internal.TestMethodWorker.run(TestMethodWorker.java:111)
	at org.testng.TestRunner.privateRun(TestRunner.java:767)
	at org.testng.TestRunner.run(TestRunner.java:617)
	at org.testng.SuiteRunner.runTest(SuiteRunner.java:348)
	at org.testng.SuiteRunner.runSequentially(SuiteRunner.java:343)
	at org.testng.SuiteRunner.privateRun(SuiteRunner.java:305)
	at org.testng.SuiteRunner.run(SuiteRunner.java:254)
	at org.testng.SuiteRunnerWorker.runSuite(SuiteRunnerWorker.java:52)
	at org.testng.SuiteRunnerWorker.run(SuiteRunnerWorker.java:86)
	at org.testng.TestNG.runSuitesSequentially(TestNG.java:1224)
	at org.testng.TestNG.runSuitesLocally(TestNG.java:1149)
	at org.testng.TestNG.run(TestNG.java:1057)
	at org.testng.remote.AbstractRemoteTestNG.run(AbstractRemoteTestNG.java:114)
	at org.testng.remote.RemoteTestNG.initAndRun(RemoteTestNG.java:251)
	at org.testng.remote.RemoteTestNG.main(RemoteTestNG.java:77)
</pre></div></td>
<td>0</td>
<td>Reflection.LaunchBrowser@7823a2f9</td></tr>
<tr>
<td title='TestNGDemo.TestAnnotation.m1()'><b>m1</b><br>Test class: TestNGDemo.TestAnnotation<br>Test method: Roll Number & Student Name</td>
<td><div><pre>org.testng.TestNGException: 
Parameter &apos;rollNumber&apos; is required by @Test on method m1 but has not been marked @Optional or defined
in E:\Eclipse Workspace\TestNG\testng.xml
... Removed 22 stack frames</pre></div><a href='#' onClick='toggleBox("stack-trace1687662712", this, "Click to show all stack frames", "Click to hide stack frames")'>Click to show all stack frames</a>
<div class='stack-trace' id='stack-trace1687662712'><pre>org.testng.TestNGException: 
Parameter &apos;rollNumber&apos; is required by @Test on method m1 but has not been marked @Optional or defined
in E:\Eclipse Workspace\TestNG\testng.xml
	at org.testng.internal.Parameters.createParameters(Parameters.java:155)
	at org.testng.internal.Parameters.createParameters(Parameters.java:358)
	at org.testng.internal.Parameters.handleParameters(Parameters.java:450)
	at org.testng.internal.Invoker.handleParameters(Invoker.java:1383)
	at org.testng.internal.Invoker.createParameters(Invoker.java:1075)
	at org.testng.internal.Invoker.invokeTestMethods(Invoker.java:1180)
	at org.testng.internal.TestMethodWorker.invokeTestMethods(TestMethodWorker.java:127)
	at org.testng.internal.TestMethodWorker.run(TestMethodWorker.java:111)
	at org.testng.TestRunner.privateRun(TestRunner.java:767)
	at org.testng.TestRunner.run(TestRunner.java:617)
	at org.testng.SuiteRunner.runTest(SuiteRunner.java:348)
	at org.testng.SuiteRunner.runSequentially(SuiteRunner.java:343)
	at org.testng.SuiteRunner.privateRun(SuiteRunner.java:305)
	at org.testng.SuiteRunner.run(SuiteRunner.java:254)
	at org.testng.SuiteRunnerWorker.runSuite(SuiteRunnerWorker.java:52)
	at org.testng.SuiteRunnerWorker.run(SuiteRunnerWorker.java:86)
	at org.testng.TestNG.runSuitesSequentially(TestNG.java:1224)
	at org.testng.TestNG.runSuitesLocally(TestNG.java:1149)
	at org.testng.TestNG.run(TestNG.java:1057)
	at org.testng.remote.AbstractRemoteTestNG.run(AbstractRemoteTestNG.java:114)
	at org.testng.remote.RemoteTestNG.initAndRun(RemoteTestNG.java:251)
	at org.testng.remote.RemoteTestNG.main(RemoteTestNG.java:77)
</pre></div></td>
<td>0</td>
<td>TestNGDemo.TestAnnotation@55f3ddb1</td></tr>
<tr>
<td title='TestNGDemo.ExceptionHandle.m1()'><b>m1</b><br>Test class: TestNGDemo.ExceptionHandle</td>
<td><div><pre>org.testng.TestNGException: 
Method public void TestNGDemo.ExceptionHandle.m1(java.lang.String,java.lang.String) requires a @DataProvider named : LoginDataProvider
... Removed 21 stack frames</pre></div><a href='#' onClick='toggleBox("stack-trace1103243338", this, "Click to show all stack frames", "Click to hide stack frames")'>Click to show all stack frames</a>
<div class='stack-trace' id='stack-trace1103243338'><pre>org.testng.TestNGException: 
Method public void TestNGDemo.ExceptionHandle.m1(java.lang.String,java.lang.String) requires a @DataProvider named : LoginDataProvider
	at org.testng.internal.Parameters.findDataProvider(Parameters.java:268)
	at org.testng.internal.Parameters.handleParameters(Parameters.java:417)
	at org.testng.internal.Invoker.handleParameters(Invoker.java:1383)
	at org.testng.internal.Invoker.createParameters(Invoker.java:1075)
	at org.testng.internal.Invoker.invokeTestMethods(Invoker.java:1180)
	at org.testng.internal.TestMethodWorker.invokeTestMethods(TestMethodWorker.java:127)
	at org.testng.internal.TestMethodWorker.run(TestMethodWorker.java:111)
	at org.testng.TestRunner.privateRun(TestRunner.java:767)
	at org.testng.TestRunner.run(TestRunner.java:617)
	at org.testng.SuiteRunner.runTest(SuiteRunner.java:348)
	at org.testng.SuiteRunner.runSequentially(SuiteRunner.java:343)
	at org.testng.SuiteRunner.privateRun(SuiteRunner.java:305)
	at org.testng.SuiteRunner.run(SuiteRunner.java:254)
	at org.testng.SuiteRunnerWorker.runSuite(SuiteRunnerWorker.java:52)
	at org.testng.SuiteRunnerWorker.run(SuiteRunnerWorker.java:86)
	at org.testng.TestNG.runSuitesSequentially(TestNG.java:1224)
	at org.testng.TestNG.runSuitesLocally(TestNG.java:1149)
	at org.testng.TestNG.run(TestNG.java:1057)
	at org.testng.remote.AbstractRemoteTestNG.run(AbstractRemoteTestNG.java:114)
	at org.testng.remote.RemoteTestNG.initAndRun(RemoteTestNG.java:251)
	at org.testng.remote.RemoteTestNG.main(RemoteTestNG.java:77)
</pre></div></td>
<td>0</td>
<td>TestNGDemo.ExceptionHandle@457e2f02</td></tr>
<tr>
<td title='TestNGDemo.ClassA.m2()'><b>m2</b><br>Test class: TestNGDemo.ClassA</td>
<td></td>
<td>0</td>
<td>null</td></tr>
<tr>
<td title='TestNGDemo.ClassA.m5()'><b>m5</b><br>Test class: TestNGDemo.ClassA</td>
<td></td>
<td>0</td>
<td>null</td></tr>
<tr>
<td title='Listener.ListnerTest.tc_03()'><b>tc_03</b><br>Test class: Listener.ListnerTest</td>
<td></td>
<td>0</td>
<td>null</td></tr>
</table><p>
</body>
</html>